<?xml version="1.0" encoding="UTF-8"?>
<testng-results skipped="0" failed="0" ignored="0" total="1" passed="1">
  <reporter-output>
  </reporter-output>
  <suite name="Default suite" duration-ms="23528" started-at="2021-03-01T07:04:00Z" finished-at="2021-03-01T07:04:24Z">
    <groups>
    </groups>
    <test name="Default test" duration-ms="23528" started-at="2021-03-01T07:04:00Z" finished-at="2021-03-01T07:04:24Z">
      <class name="SearchFunctionality.VerifyErrorMessage">
        <test-method status="PASS" signature="configBeforeClass()[pri:0, instance:SearchFunctionality.VerifyErrorMessage@523884b2]" name="configBeforeClass" is-config="true" duration-ms="18080" started-at="2021-03-01T12:34:00Z" finished-at="2021-03-01T12:34:18Z">
          <reporter-output>
          </reporter-output>
        </test-method> <!-- configBeforeClass -->
        <test-method status="PASS" signature="ErrorMessage()[pri:0, instance:SearchFunctionality.VerifyErrorMessage@523884b2]" name="ErrorMessage" duration-ms="4079" started-at="2021-03-01T12:34:18Z" finished-at="2021-03-01T12:34:22Z">
          <reporter-output>
          </reporter-output>
        </test-method> <!-- ErrorMessage -->
        <test-method status="PASS" signature="configAfterClass()[pri:0, instance:SearchFunctionality.VerifyErrorMessage@523884b2]" name="configAfterClass" is-config="true" duration-ms="1360" started-at="2021-03-01T12:34:22Z" finished-at="2021-03-01T12:34:24Z">
          <reporter-output>
          </reporter-output>
        </test-method> <!-- configAfterClass -->
      </class> <!-- SearchFunctionality.VerifyErrorMessage -->
    </test> <!-- Default test -->
  </suite> <!-- Default suite -->
</testng-results>
